{"/Users/erz/code/preceptorjs/grunt-preceptor/lib/profiles.js":{"path":"/Users/erz/code/preceptorjs/grunt-preceptor/lib/profiles.js","s":{"1":1,"2":3,"3":3,"4":2,"5":1,"6":1,"7":2,"8":1,"9":3,"10":3,"11":2,"12":1,"13":1,"14":2,"15":1},"b":{"1":[2,1],"2":[1,1],"3":[2,1],"4":[1,1]},"f":{"1":3,"2":3},"fnMap":{"1":{"name":"(anonymous_1)","line":9,"loc":{"start":{"line":9,"column":18},"end":{"line":9,"column":44}}},"2":{"name":"(anonymous_2)","line":33,"loc":{"start":{"line":33,"column":21},"end":{"line":33,"column":47}}}},"statementMap":{"1":{"start":{"line":9,"column":0},"end":{"line":23,"column":2}},"2":{"start":{"line":11,"column":1},"end":{"line":11,"column":23}},"3":{"start":{"line":13,"column":1},"end":{"line":20,"column":2}},"4":{"start":{"line":15,"column":2},"end":{"line":19,"column":3}},"5":{"start":{"line":16,"column":3},"end":{"line":16,"column":27}},"6":{"start":{"line":18,"column":3},"end":{"line":18,"column":60}},"7":{"start":{"line":22,"column":1},"end":{"line":22,"column":15}},"8":{"start":{"line":33,"column":0},"end":{"line":47,"column":2}},"9":{"start":{"line":35,"column":1},"end":{"line":35,"column":23}},"10":{"start":{"line":37,"column":1},"end":{"line":44,"column":2}},"11":{"start":{"line":39,"column":2},"end":{"line":43,"column":3}},"12":{"start":{"line":40,"column":3},"end":{"line":40,"column":39}},"13":{"start":{"line":42,"column":3},"end":{"line":42,"column":64}},"14":{"start":{"line":46,"column":1},"end":{"line":46,"column":15}},"15":{"start":{"line":50,"column":0},"end":{"line":53,"column":2}}},"branchMap":{"1":{"line":13,"type":"if","locations":[{"start":{"line":13,"column":1},"end":{"line":13,"column":1}},{"start":{"line":13,"column":1},"end":{"line":13,"column":1}}]},"2":{"line":15,"type":"if","locations":[{"start":{"line":15,"column":2},"end":{"line":15,"column":2}},{"start":{"line":15,"column":2},"end":{"line":15,"column":2}}]},"3":{"line":37,"type":"if","locations":[{"start":{"line":37,"column":1},"end":{"line":37,"column":1}},{"start":{"line":37,"column":1},"end":{"line":37,"column":1}}]},"4":{"line":39,"type":"if","locations":[{"start":{"line":39,"column":2},"end":{"line":39,"column":2}},{"start":{"line":39,"column":2},"end":{"line":39,"column":2}}]}}}}